#
# A fatal error has been detected by the Java Runtime Environment:
#
#  EXCEPTION_ACCESS_VIOLATION (0xc0000005) at pc=0x00007ff9531e1c80, pid=17736, tid=20528
#
# JRE version: Java(TM) SE Runtime Environment (21.0.1+12) (build 21.0.1+12-LTS-29)
# Java VM: Java HotSpot(TM) 64-Bit Server VM (21.0.1+12-LTS-29, mixed mode, sharing, tiered, compressed oops, compressed class ptrs, g1 gc, windows-amd64)
# Problematic frame:
# C  [javafx_iio.dll+0x1c80]
#
# No core dump will be written. Minidumps are not enabled by default on client versions of Windows
#
# If you would like to submit a bug report, please visit:
#   https://bugreport.java.com/bugreport/crash.jsp
# The crash happened outside the Java Virtual Machine in native code.
# See problematic frame for where to report the bug.
#

---------------  S U M M A R Y ------------

Command Line: -javaagent:C:\Program Files\JetBrains\IntelliJ IDEA Community Edition 2023.2.3\lib\idea_rt.jar=59559:C:\Program Files\JetBrains\IntelliJ IDEA Community Edition 2023.2.3\bin -Dfile.encoding=UTF-8 -Dsun.stdout.encoding=UTF-8 -Dsun.stderr.encoding=UTF-8 --module-path=D:\OneDrive - ptit.edu.vn\Download\javafx-sdk-22\lib\javafx.fxml.jar;D:\OneDrive - ptit.edu.vn\Download\javafx-sdk-22\lib\javafx.base.jar;D:\0000.CODE\00. ProPTIT\ProZodiac1\target\classes;D:\OneDrive - ptit.edu.vn\Download\javafx-sdk-22\lib\javafx.graphics.jar;D:\OneDrive - ptit.edu.vn\Download\javafx-sdk-22\lib\javafx.controls.jar -Djdk.module.main=com.test com.test/com.test.view.Main

Host: Intel(R) Core(TM) i5-1035G1 CPU @ 1.00GHz, 8 cores, 15G,  Windows 10 , 64 bit Build 19041 (10.0.19041.3636)
Time: Thu Apr  4 10:21:23 2024 SE Asia Standard Time elapsed time: 0.984277 seconds (0d 0h 0m 0s)

---------------  T H R E A D  ---------------

Current thread (0x000002417f1ec000):  JavaThread "JavaFX Application Thread"        [_thread_in_native, id=20528, stack(0x0000007877900000,0x0000007877a00000) (1024K)]

Stack: [0x0000007877900000,0x0000007877a00000],  sp=0x00000078779fd440,  free space=1013k
Native frames: (J=compiled Java code, j=interpreted, Vv=VM code, C=native code)
C  [javafx_iio.dll+0x1c80]

Java frames: (J=compiled Java code, j=interpreted, Vv=VM code)
j  com.sun.javafx.iio.jpeg.JPEGImageLoader.startDecompression(JIII)I+0 javafx.graphics@22
j  com.sun.javafx.iio.jpeg.JPEGImageLoader.load(IIIZZ)Lcom/sun/javafx/iio/ImageFrame;+90 javafx.graphics@22
j  com.sun.javafx.iio.ImageStorage.loadAll(Lcom/sun/javafx/iio/ImageLoader;DDZFZ)[Lcom/sun/javafx/iio/ImageFrame;+55 javafx.graphics@22
j  com.sun.javafx.iio.ImageStorage.loadAll(Ljava/lang/String;Lcom/sun/javafx/iio/ImageLoadListener;DDZFZ)[Lcom/sun/javafx/iio/ImageFrame;+399 javafx.graphics@22
j  com.sun.javafx.tk.quantum.PrismImageLoader2.loadAll(Ljava/lang/String;DDZFZ)V+25 javafx.graphics@22
j  com.sun.javafx.tk.quantum.PrismImageLoader2.<init>(Ljava/lang/String;DDZFZ)V+15 javafx.graphics@22
j  com.sun.javafx.tk.quantum.QuantumToolkit.loadImage(Ljava/lang/String;DDZZ)Lcom/sun/javafx/tk/ImageLoader;+16 javafx.graphics@22
j  javafx.scene.image.Image.loadImage(Ljava/lang/String;DDZZ)Lcom/sun/javafx/tk/ImageLoader;+10 javafx.graphics@22
j  javafx.scene.image.Image.initialize(Ljava/lang/Object;)V+92 javafx.graphics@22
j  javafx.scene.image.Image.<init>(Ljava/lang/String;DDZZZ)V+20 javafx.graphics@22
j  com.sun.javafx.fxml.builder.JavaFXImageBuilder.build()Ljavafx/scene/image/Image;+28 javafx.fxml@22
j  com.sun.javafx.fxml.builder.JavaFXImageBuilder.build()Ljava/lang/Object;+1 javafx.fxml@22
j  javafx.fxml.FXMLLoader$ValueElement.processEndElement()V+24 javafx.fxml@22
j  javafx.fxml.FXMLLoader.processEndElement()V+4 javafx.fxml@22
j  javafx.fxml.FXMLLoader.loadImpl(Ljava/io/InputStream;Ljava/lang/Class;)Ljava/lang/Object;+214 javafx.fxml@22
j  javafx.fxml.FXMLLoader.loadImpl(Ljava/lang/Class;)Ljava/lang/Object;+31 javafx.fxml@22
j  javafx.fxml.FXMLLoader.load()Ljava/lang/Object;+17 javafx.fxml@22
j  com.test.view.Main.start(Ljavafx/stage/Stage;)V+20 com.test
j  com.sun.javafx.application.LauncherImpl.lambda$launchApplication1$9(Ljava/util/concurrent/atomic/AtomicBoolean;Ljavafx/application/Application;)V+20 javafx.graphics@22
j  com.sun.javafx.application.LauncherImpl$$Lambda+0x000002413f08f0e8.run()V+8 javafx.graphics@22
j  com.sun.javafx.application.PlatformImpl.lambda$runAndWait$12(Ljava/lang/Runnable;Ljava/util/concurrent/CountDownLatch;)V+1 javafx.graphics@22
j  com.sun.javafx.application.PlatformImpl$$Lambda+0x000002413f08ab68.run()V+8 javafx.graphics@22
j  com.sun.javafx.application.PlatformImpl.lambda$runLater$10(Ljava/lang/Runnable;)Ljava/lang/Void;+1 javafx.graphics@22
j  com.sun.javafx.application.PlatformImpl$$Lambda+0x000002413f08b9f0.run()Ljava/lang/Object;+4 javafx.graphics@22
j  java.security.AccessController.executePrivileged(Ljava/security/PrivilegedAction;Ljava/security/AccessControlContext;Ljava/lang/Class;)Ljava/lang/Object;+29 java.base@21.0.1
j  java.security.AccessController.doPrivileged(Ljava/security/PrivilegedAction;Ljava/security/AccessControlContext;)Ljava/lang/Object;+13 java.base@21.0.1
j  com.sun.javafx.application.PlatformImpl.lambda$runLater$11(Ljava/lang/Runnable;Ljava/security/AccessControlContext;)V+7 javafx.graphics@22
j  com.sun.javafx.application.PlatformImpl$$Lambda+0x000002413f08b368.run()V+8 javafx.graphics@22
j  com.sun.glass.ui.InvokeLaterDispatcher$Future.run()V+4 javafx.graphics@22
v  ~StubRoutines::call_stub 0x000002412dd510e7
j  com.sun.glass.ui.win.WinApplication._runLoop(Ljava/lang/Runnable;)V+0 javafx.graphics@22
j  com.sun.glass.ui.win.WinApplication.lambda$runLoop$3(ILjava/lang/Runnable;)V+8 javafx.graphics@22
j  com.sun.glass.ui.win.WinApplication$$Lambda+0x000002413f033860.run()V+12 javafx.graphics@22
j  java.lang.Thread.runWith(Ljava/lang/Object;Ljava/lang/Runnable;)V+5 java.base@21.0.1
j  java.lang.Thread.run()V+19 java.base@21.0.1
v  ~StubRoutines::call_stub 0x000002412dd510e7

siginfo: EXCEPTION_ACCESS_VIOLATION (0xc0000005), reading address 0xffffffffffffffff


Registers:
RAX=0x0000000000000000, RBX=0x00000078779fd480, RCX=0x0000024104299ef8, RDX=0x00000078779fd480
RSP=0x00000078779fd440, RBP=0x00000241041075c0, RSI=0x0000000000000000, RDI=0x0000000000000000
R8 =0x7c80047bfd300c6e, R9 =0x0000000000000000, R10=0x0000024104297f18, R11=0x0000000000000000
R12=0x0000000000000000, R13=0x0000024104299ec0, R14=0x000001c88c70a140, R15=0x0000000000000000
RIP=0x00007ff9531e1c80, EFLAGS=0x0000000000010202


Register to memory mapping:

RAX=0x0 is null
RBX=0x00000078779fd480 is pointing into the stack for thread: 0x000002417f1ec000
RCX=0x0000024104299ef8 points into unknown readable memory: 0x000002410b2955d8 | d8 55 29 0b 41 02 00 00
RDX=0x00000078779fd480 is pointing into the stack for thread: 0x000002417f1ec000
RSP=0x00000078779fd440 is pointing into the stack for thread: 0x000002417f1ec000
RBP=0x00000241041075c0 points into unknown readable memory: 0x0000024104587070 | 70 70 58 04 41 02 00 00
RSI=0x0 is null
RDI=0x0 is null
R8 =0x7c80047bfd300c6e is an unknown value
R9 =0x0 is null
R10=0x0000024104297f18 points into unknown readable memory: 0x0000000000000001 | 01 00 00 00 00 00 00 00
R11=0x0 is null
R12=0x0 is null
R13=0x0000024104299ec0 points into unknown readable memory: 0x00007ff9531e2c10 | 10 2c 1e 53 f9 7f 00 00
R14=0x000001c88c70a140 is an unknown value
R15=0x0 is null

Top of Stack: (sp=0x00000078779fd440)
0x00000078779fd440:   00000241041075c0 0000000000000003
0x00000078779fd450:   000000780000006e 0000000000000001
0x00000078779fd460:   0000024104107601 00007ff9531eb00d
0x00000078779fd470:   0000024100000000 0000024104107660
0x00000078779fd480:   7c80047bfd300c6e 000002410429ade0
0x00000078779fd490:   000002410429a610 000002417f1ec000
0x00000078779fd4a0:   0000109bfb09a2ee 00000241009300e0
0x00000078779fd4b0:   00000078779fd748 00000241009300e0
0x00000078779fd4c0:   000002410438ea50 00000000e22fa07e
0x00000078779fd4d0:   00000078779fd700 00007ff9531e19ba
0x00000078779fd4e0:   0000024104107632 0000000000000000
0x00000078779fd4f0:   000002417f1ec000 00000241041075c0
0x00000078779fd500:   00000241041075c0 00007ff9531fd1f7
0x00000078779fd510:   000002417f1ec3b8 00000000e22fa07e
0x00000078779fd520:   0000000000000000 0000000000000000
0x00000078779fd530:   0000000000000000 0000000000000000
0x00000078779fd540:   00000241041075c0 000002410438ea50
0x00000078779fd550:   000002417f1ec3b8 00000078779fd748
0x00000078779fd560:   00007ff8f33e23d8 000002410452fb68
0x00000078779fd570:   000002410000000a 0000000000155574
0x00000078779fd580:   00000241009300e0 000002417f1ec000
0x00000078779fd590:   0000000100000006 0000000000000005
0x00000078779fd5a0:   000002413d640e30 0000003800000003
0x00000078779fd5b0:   000002417f1ec000 00000078779fd748
0x00000078779fd5c0:   0000000000000000 0000000000000010
0x00000078779fd5d0:   00000000e22fa07e 00000241009300e0
0x00000078779fd5e0:   00000078779fd700 00007ff8f2dd6675
0x00000078779fd5f0:   000002412dda97a4 0000000000155574
0x00000078779fd600:   000002417f1ec000 00007ff8f2dd3f61
0x00000078779fd610:   00000241009300e0 000002417f1ec000
0x00000078779fd620:   0000000000000010 000002412dd5cd7c
0x00000078779fd630:   0000109bfb09a3be 00000241009300e0 

Instructions: (pc=0x00007ff9531e1c80)
0x00007ff9531e1b80:   89 74 24 38 48 8b e9 39 b9 a0 01 00 00 7e 53 48
0x00007ff9531e1b90:   8d 4c 24 40 48 8b f5 48 2b f1 48 8d 5c 24 40 90
0x00007ff9531e1ba0:   48 8b 84 1e a8 01 00 00 48 8b cd 4c 8b 55 08 c6
0x00007ff9531e1bb0:   44 24 20 01 44 8b 48 0c 45 8b c1 48 63 50 04 45
0x00007ff9531e1bc0:   0f af 06 49 8b 94 d5 88 00 00 00 41 ff 52 40 ff
0x00007ff9531e1bd0:   c7 48 89 03 48 8d 5b 08 3b bd a0 01 00 00 7c c0
0x00007ff9531e1be0:   eb 05 4c 89 74 24 38 49 63 4d 2c 4c 89 a4 24 a8
0x00007ff9531e1bf0:   00 00 00 4c 89 bc 24 b0 00 00 00 89 4c 24 30 41
0x00007ff9531e1c00:   3b 4d 30 0f 8d fa 00 00 00 4c 8d 3c cd 00 00 00
0x00007ff9531e1c10:   00 0f 1f 40 00 66 66 66 0f 1f 84 00 00 00 00 00
0x00007ff9531e1c20:   41 8b 75 28 3b b5 c8 01 00 00 0f 83 b2 00 00 00
0x00007ff9531e1c30:   33 ff 49 8d 4d 38 39 bd a0 01 00 00 0f 8e 79 00
0x00007ff9531e1c40:   00 00 48 8d 54 24 40 4c 8b f5 4c 2b f2 48 8d 5c
0x00007ff9531e1c50:   24 40 4e 8b 94 33 a8 01 00 00 8b c6 45 33 c9 41
0x00007ff9531e1c60:   0f af 42 38 45 39 4a 3c 7e 43 4c 8b 03 44 8b d8
0x00007ff9531e1c70:   49 c1 e3 07 4d 03 c7 66 0f 1f 84 00 00 00 00 00
0x00007ff9531e1c80:   49 8b 00 41 8b 52 38 49 03 c3 66 0f 1f 44 00 00
0x00007ff9531e1c90:   48 89 01 48 83 c1 08 48 83 e8 80 83 ea 01 75 f0
0x00007ff9531e1ca0:   41 ff c1 49 83 c0 08 45 3b 4a 3c 7c d3 ff c7 48
0x00007ff9531e1cb0:   83 c3 08 3b bd a0 01 00 00 7c 97 48 8b 85 50 02
0x00007ff9531e1cc0:   00 00 49 8d 55 38 48 8b cd ff 50 08 84 c0 74 5c
0x00007ff9531e1cd0:   ff c6 3b b5 c8 01 00 00 0f 82 52 ff ff ff 8b 4c
0x00007ff9531e1ce0:   24 30 ff c1 41 c7 45 28 00 00 00 00 49 83 c7 08
0x00007ff9531e1cf0:   89 4c 24 30 41 3b 4d 30 0f 8c 22 ff ff ff 4c 8b
0x00007ff9531e1d00:   74 24 38 41 8b 16 8b 85 90 01 00 00 ff c2 41 89
0x00007ff9531e1d10:   16 3b d0 73 50 83 bd a0 01 00 00 01 48 8b 8d 30
0x00007ff9531e1d20:   02 00 00 7e 17 b8 01 00 00 00 eb 27 8b 44 24 30
0x00007ff9531e1d30:   41 89 45 2c 33 c0 41 89 75 28 eb 3b 4c 8b 85 a8
0x00007ff9531e1d40:   01 00 00 ff c8 3b d0 73 06 41 8b 40 0c eb 04 41
0x00007ff9531e1d50:   8b 40 4c 89 41 30 b8 03 00 00 00 48 c7 41 28 00
0x00007ff9531e1d60:   00 00 00 eb 12 48 8b 85 40 02 00 00 48 8b cd ff
0x00007ff9531e1d70:   50 18 b8 04 00 00 00 4c 8b bc 24 b0 00 00 00 4c 


Stack slot to memory mapping:

stack at sp + 0 slots: 0x00000241041075c0 points into unknown readable memory: 0x0000024104587070 | 70 70 58 04 41 02 00 00
stack at sp + 1 slots: 0x0000000000000003 is an unknown value
stack at sp + 2 slots: 0x000000780000006e is an unknown value
stack at sp + 3 slots: 0x0000000000000001 is an unknown value
stack at sp + 4 slots: 0x0000024104107601 points into unknown readable memory: 00 00 00 01 00 00 00
stack at sp + 5 slots: 0x00007ff9531eb00d javafx_iio.dll
stack at sp + 6 slots: 0x0000024100000000 is pointing into metadata
stack at sp + 7 slots: 0x0000024104107660 points into unknown readable memory: 0x000000000000006e | 6e 00 00 00 00 00 00 00


---------------  P R O C E S S  ---------------

Threads class SMR info:
_java_thread_list=0x000002417f706f00, length=19, elements={
0x000002411e3b7510, 0x000002413d4b52e0, 0x000002413d4b8770, 0x000002413d4ba720,
0x000002413d4bd5e0, 0x000002413d4be950, 0x000002413d4c2df0, 0x000002413d4d30d0,
0x000002413d4d5790, 0x000002413d6c2d90, 0x000002413d804860, 0x000002413d6cd5c0,
0x000002413d9397a0, 0x000002417f180a60, 0x000002417f3d2e40, 0x000002417f45edb0,
0x000002417f1ec000, 0x00000241040c3470, 0x000002417f6fb8b0
}

Java Threads: ( => current thread )
  0x000002411e3b7510 JavaThread "main"                              [_thread_blocked, id=20940, stack(0x0000007876200000,0x0000007876300000) (1024K)]
  0x000002413d4b52e0 JavaThread "Reference Handler"          daemon [_thread_blocked, id=856, stack(0x0000007876a00000,0x0000007876b00000) (1024K)]
  0x000002413d4b8770 JavaThread "Finalizer"                  daemon [_thread_blocked, id=1424, stack(0x0000007876b00000,0x0000007876c00000) (1024K)]
  0x000002413d4ba720 JavaThread "Signal Dispatcher"          daemon [_thread_blocked, id=15840, stack(0x0000007876c00000,0x0000007876d00000) (1024K)]
  0x000002413d4bd5e0 JavaThread "Attach Listener"            daemon [_thread_blocked, id=16620, stack(0x0000007876d00000,0x0000007876e00000) (1024K)]
  0x000002413d4be950 JavaThread "Service Thread"             daemon [_thread_blocked, id=5660, stack(0x0000007876e00000,0x0000007876f00000) (1024K)]
  0x000002413d4c2df0 JavaThread "Monitor Deflation Thread"   daemon [_thread_blocked, id=1908, stack(0x0000007876f00000,0x0000007877000000) (1024K)]
  0x000002413d4d30d0 JavaThread "C2 CompilerThread0"         daemon [_thread_blocked, id=7700, stack(0x0000007877000000,0x0000007877100000) (1024K)]
  0x000002413d4d5790 JavaThread "C1 CompilerThread0"         daemon [_thread_blocked, id=18720, stack(0x0000007877100000,0x0000007877200000) (1024K)]
  0x000002413d6c2d90 JavaThread "Common-Cleaner"             daemon [_thread_blocked, id=14440, stack(0x0000007877200000,0x0000007877300000) (1024K)]
  0x000002413d804860 JavaThread "C2 CompilerThread1"         daemon [_thread_blocked, id=11420, stack(0x0000007877300000,0x0000007877400000) (1024K)]
  0x000002413d6cd5c0 JavaThread "C2 CompilerThread2"         daemon [_thread_blocked, id=18632, stack(0x0000007877400000,0x0000007877500000) (1024K)]
  0x000002413d9397a0 JavaThread "Monitor Ctrl-Break"         daemon [_thread_in_native, id=18280, stack(0x0000007877500000,0x0000007877600000) (1024K)]
  0x000002417f180a60 JavaThread "Notification Thread"        daemon [_thread_blocked, id=19852, stack(0x0000007877600000,0x0000007877700000) (1024K)]
  0x000002417f3d2e40 JavaThread "QuantumRenderer-0"          daemon [_thread_blocked, id=13860, stack(0x0000007877700000,0x0000007877800000) (1024K)]
  0x000002417f45edb0 JavaThread "InvokeLaterDispatcher"      daemon [_thread_blocked, id=13884, stack(0x0000007877800000,0x0000007877900000) (1024K)]
=>0x000002417f1ec000 JavaThread "JavaFX Application Thread"         [_thread_in_native, id=20528, stack(0x0000007877900000,0x0000007877a00000) (1024K)]
  0x00000241040c3470 JavaThread "JavaFX-Launcher"                   [_thread_blocked, id=18396, stack(0x0000007877e00000,0x0000007877f00000) (1024K)]
  0x000002417f6fb8b0 JavaThread "Thread-2"                   daemon [_thread_in_native, id=15148, stack(0x0000007877d00000,0x0000007877e00000) (1024K)]
Total: 19

Other Threads:
  0x000002413d49b290 VMThread "VM Thread"                           [id=4236, stack(0x0000007876900000,0x0000007876a00000) (1024K)]
  0x000002413d485da0 WatcherThread "VM Periodic Task Thread"        [id=15136, stack(0x0000007876800000,0x0000007876900000) (1024K)]
  0x000002411e41f2b0 WorkerThread "GC Thread#0"                     [id=20956, stack(0x0000007876300000,0x0000007876400000) (1024K)]
  0x000002417f7fa360 WorkerThread "GC Thread#1"                     [id=6136, stack(0x0000007877f00000,0x0000007878000000) (1024K)]
  0x000002417f7fa700 WorkerThread "GC Thread#2"                     [id=8948, stack(0x0000007878000000,0x0000007878100000) (1024K)]
  0x000002417f7faaa0 WorkerThread "GC Thread#3"                     [id=6128, stack(0x0000007878100000,0x0000007878200000) (1024K)]
  0x000002417f77b6a0 WorkerThread "GC Thread#4"                     [id=15112, stack(0x0000007878200000,0x0000007878300000) (1024K)]
  0x000002417f77ba40 WorkerThread "GC Thread#5"                     [id=9244, stack(0x0000007878300000,0x0000007878400000) (1024K)]
  0x000002411e4310a0 ConcurrentGCThread "G1 Main Marker"            [id=20948, stack(0x0000007876400000,0x0000007876500000) (1024K)]
  0x000002411e432340 WorkerThread "G1 Conc#0"                       [id=20924, stack(0x0000007876500000,0x0000007876600000) (1024K)]
  0x000002413d3594d0 ConcurrentGCThread "G1 Refine#0"               [id=5552, stack(0x0000007876600000,0x0000007876700000) (1024K)]
  0x000002413d35a040 ConcurrentGCThread "G1 Service"                [id=17984, stack(0x0000007876700000,0x0000007876800000) (1024K)]
Total: 12

Threads with active compile tasks:
Total: 0

VM state: not at safepoint (normal execution)

VM Mutex/Monitor currently owned by a thread: None

Heap address: 0x0000000703a00000, size: 4038 MB, Compressed Oops mode: Zero based, Oop shift amount: 3

CDS archive(s) mapped at: [0x000002413e000000-0x000002413ec90000-0x000002413ec90000), size 13172736, SharedBaseAddress: 0x000002413e000000, ArchiveRelocationMode: 1.
Compressed class space mapped at: 0x000002413f000000-0x000002417f000000, reserved size: 1073741824
Narrow klass base: 0x000002413e000000, Narrow klass shift: 0, Narrow klass range: 0x100000000

GC Precious Log:
 CardTable entry size: 512
 Card Set container configuration: InlinePtr #cards 4 size 8 Array Of Cards #cards 16 size 48 Howl #buckets 8 coarsen threshold 3686 Howl Bitmap #cards 512 size 80 coarsen threshold 460 Card regions per heap region 1 cards per card region 4096
 CPUs: 8 total, 8 available
 Memory: 16151M
 Large Page Support: Disabled
 NUMA Support: Disabled
 Compressed Oops: Enabled (Zero based)
 Heap Region Size: 2M
 Heap Min Capacity: 8M
 Heap Initial Capacity: 254M
 Heap Max Capacity: 4038M
 Pre-touch: Disabled
 Parallel Workers: 8
 Concurrent Workers: 2
 Concurrent Refinement Workers: 8
 Periodic GC: Disabled

Heap:
 garbage-first heap   total 260096K, used 31189K [0x0000000703a00000, 0x0000000800000000)
  region size 2048K, 18 young (36864K), 2 survivors (4096K)
 Metaspace       used 10324K, committed 10624K, reserved 1114112K
  class space    used 1370K, committed 1472K, reserved 1048576K

Heap Regions: E=young(eden), S=young(survivor), O=old, HS=humongous(starts), HC=humongous(continues), CS=collection set, F=free, TAMS=top-at-mark-start, PB=parsable bottom
|   0|0x0000000703a00000, 0x0000000703a00000, 0x0000000703c00000|  0%| F|  |TAMS 0x0000000703a00000| PB 0x0000000703a00000| Untracked 
|   1|0x0000000703c00000, 0x0000000703c00000, 0x0000000703e00000|  0%| F|  |TAMS 0x0000000703c00000| PB 0x0000000703c00000| Untracked 
|   2|0x0000000703e00000, 0x0000000703e00000, 0x0000000704000000|  0%| F|  |TAMS 0x0000000703e00000| PB 0x0000000703e00000| Untracked 
|   3|0x0000000704000000, 0x0000000704000000, 0x0000000704200000|  0%| F|  |TAMS 0x0000000704000000| PB 0x0000000704000000| Untracked 
|   4|0x0000000704200000, 0x0000000704200000, 0x0000000704400000|  0%| F|  |TAMS 0x0000000704200000| PB 0x0000000704200000| Untracked 
|   5|0x0000000704400000, 0x0000000704400000, 0x0000000704600000|  0%| F|  |TAMS 0x0000000704400000| PB 0x0000000704400000| Untracked 
|   6|0x0000000704600000, 0x0000000704600000, 0x0000000704800000|  0%| F|  |TAMS 0x0000000704600000| PB 0x0000000704600000| Untracked 
|   7|0x0000000704800000, 0x0000000704800000, 0x0000000704a00000|  0%| F|  |TAMS 0x0000000704800000| PB 0x0000000704800000| Untracked 
|   8|0x0000000704a00000, 0x0000000704a00000, 0x0000000704c00000|  0%| F|  |TAMS 0x0000000704a00000| PB 0x0000000704a00000| Untracked 
|   9|0x0000000704c00000, 0x0000000704c00000, 0x0000000704e00000|  0%| F|  |TAMS 0x0000000704c00000| PB 0x0000000704c00000| Untracked 
|  10|0x0000000704e00000, 0x0000000704e00000, 0x0000000705000000|  0%| F|  |TAMS 0x0000000704e00000| PB 0x0000000704e00000| Untracked 
|  11|0x0000000705000000, 0x0000000705000000, 0x0000000705200000|  0%| F|  |TAMS 0x0000000705000000| PB 0x0000000705000000| Untracked 
|  12|0x0000000705200000, 0x0000000705200000, 0x0000000705400000|  0%| F|  |TAMS 0x0000000705200000| PB 0x0000000705200000| Untracked 
|  13|0x0000000705400000, 0x0000000705400000, 0x0000000705600000|  0%| F|  |TAMS 0x0000000705400000| PB 0x0000000705400000| Untracked 
|  14|0x0000000705600000, 0x0000000705600000, 0x0000000705800000|  0%| F|  |TAMS 0x0000000705600000| PB 0x0000000705600000| Untracked 
|  15|0x0000000705800000, 0x0000000705800000, 0x0000000705a00000|  0%| F|  |TAMS 0x0000000705800000| PB 0x0000000705800000| Untracked 
|  16|0x0000000705a00000, 0x0000000705a00000, 0x0000000705c00000|  0%| F|  |TAMS 0x0000000705a00000| PB 0x0000000705a00000| Untracked 
|  17|0x0000000705c00000, 0x0000000705c00000, 0x0000000705e00000|  0%| F|  |TAMS 0x0000000705c00000| PB 0x0000000705c00000| Untracked 
|  18|0x0000000705e00000, 0x0000000705e00000, 0x0000000706000000|  0%| F|  |TAMS 0x0000000705e00000| PB 0x0000000705e00000| Untracked 
|  19|0x0000000706000000, 0x0000000706000000, 0x0000000706200000|  0%| F|  |TAMS 0x0000000706000000| PB 0x0000000706000000| Untracked 
|  20|0x0000000706200000, 0x0000000706200000, 0x0000000706400000|  0%| F|  |TAMS 0x0000000706200000| PB 0x0000000706200000| Untracked 
|  21|0x0000000706400000, 0x0000000706400000, 0x0000000706600000|  0%| F|  |TAMS 0x0000000706400000| PB 0x0000000706400000| Untracked 
|  22|0x0000000706600000, 0x0000000706600000, 0x0000000706800000|  0%| F|  |TAMS 0x0000000706600000| PB 0x0000000706600000| Untracked 
|  23|0x0000000706800000, 0x0000000706800000, 0x0000000706a00000|  0%| F|  |TAMS 0x0000000706800000| PB 0x0000000706800000| Untracked 
|  24|0x0000000706a00000, 0x0000000706a00000, 0x0000000706c00000|  0%| F|  |TAMS 0x0000000706a00000| PB 0x0000000706a00000| Untracked 
|  25|0x0000000706c00000, 0x0000000706c00000, 0x0000000706e00000|  0%| F|  |TAMS 0x0000000706c00000| PB 0x0000000706c00000| Untracked 
|  26|0x0000000706e00000, 0x0000000706e00000, 0x0000000707000000|  0%| F|  |TAMS 0x0000000706e00000| PB 0x0000000706e00000| Untracked 
|  27|0x0000000707000000, 0x0000000707000000, 0x0000000707200000|  0%| F|  |TAMS 0x0000000707000000| PB 0x0000000707000000| Untracked 
|  28|0x0000000707200000, 0x0000000707200000, 0x0000000707400000|  0%| F|  |TAMS 0x0000000707200000| PB 0x0000000707200000| Untracked 
|  29|0x0000000707400000, 0x0000000707400000, 0x0000000707600000|  0%| F|  |TAMS 0x0000000707400000| PB 0x0000000707400000| Untracked 
|  30|0x0000000707600000, 0x0000000707600000, 0x0000000707800000|  0%| F|  |TAMS 0x0000000707600000| PB 0x0000000707600000| Untracked 
|  31|0x0000000707800000, 0x0000000707800000, 0x0000000707a00000|  0%| F|  |TAMS 0x0000000707800000| PB 0x0000000707800000| Untracked 
|  32|0x0000000707a00000, 0x0000000707a00000, 0x0000000707c00000|  0%| F|  |TAMS 0x0000000707a00000| PB 0x0000000707a00000| Untracked 
|  33|0x0000000707c00000, 0x0000000707c00000, 0x0000000707e00000|  0%| F|  |TAMS 0x0000000707c00000| PB 0x0000000707c00000| Untracked 
|  34|0x0000000707e00000, 0x0000000707e00000, 0x0000000708000000|  0%| F|  |TAMS 0x0000000707e00000| PB 0x0000000707e00000| Untracked 
|  35|0x0000000708000000, 0x0000000708000000, 0x0000000708200000|  0%| F|  |TAMS 0x0000000708000000| PB 0x0000000708000000| Untracked 
|  36|0x0000000708200000, 0x0000000708200000, 0x0000000708400000|  0%| F|  |TAMS 0x0000000708200000| PB 0x0000000708200000| Untracked 
|  37|0x0000000708400000, 0x0000000708400000, 0x0000000708600000|  0%| F|  |TAMS 0x0000000708400000| PB 0x0000000708400000| Untracked 
|  38|0x0000000708600000, 0x0000000708600000, 0x0000000708800000|  0%| F|  |TAMS 0x0000000708600000| PB 0x0000000708600000| Untracked 
|  39|0x0000000708800000, 0x0000000708800000, 0x0000000708a00000|  0%| F|  |TAMS 0x0000000708800000| PB 0x0000000708800000| Untracked 
|  40|0x0000000708a00000, 0x0000000708a00000, 0x0000000708c00000|  0%| F|  |TAMS 0x0000000708a00000| PB 0x0000000708a00000| Untracked 
|  41|0x0000000708c00000, 0x0000000708c00000, 0x0000000708e00000|  0%| F|  |TAMS 0x0000000708c00000| PB 0x0000000708c00000| Untracked 
|  42|0x0000000708e00000, 0x0000000708e00000, 0x0000000709000000|  0%| F|  |TAMS 0x0000000708e00000| PB 0x0000000708e00000| Untracked 
|  43|0x0000000709000000, 0x0000000709000000, 0x0000000709200000|  0%| F|  |TAMS 0x0000000709000000| PB 0x0000000709000000| Untracked 
|  44|0x0000000709200000, 0x0000000709200000, 0x0000000709400000|  0%| F|  |TAMS 0x0000000709200000| PB 0x0000000709200000| Untracked 
|  45|0x0000000709400000, 0x0000000709400000, 0x0000000709600000|  0%| F|  |TAMS 0x0000000709400000| PB 0x0000000709400000| Untracked 
|  46|0x0000000709600000, 0x0000000709600000, 0x0000000709800000|  0%| F|  |TAMS 0x0000000709600000| PB 0x0000000709600000| Untracked 
|  47|0x0000000709800000, 0x0000000709800000, 0x0000000709a00000|  0%| F|  |TAMS 0x0000000709800000| PB 0x0000000709800000| Untracked 
|  48|0x0000000709a00000, 0x0000000709a00000, 0x0000000709c00000|  0%| F|  |TAMS 0x0000000709a00000| PB 0x0000000709a00000| Untracked 
|  49|0x0000000709c00000, 0x0000000709c00000, 0x0000000709e00000|  0%| F|  |TAMS 0x0000000709c00000| PB 0x0000000709c00000| Untracked 
|  50|0x0000000709e00000, 0x0000000709e00000, 0x000000070a000000|  0%| F|  |TAMS 0x0000000709e00000| PB 0x0000000709e00000| Untracked 
|  51|0x000000070a000000, 0x000000070a000000, 0x000000070a200000|  0%| F|  |TAMS 0x000000070a000000| PB 0x000000070a000000| Untracked 
|  52|0x000000070a200000, 0x000000070a200000, 0x000000070a400000|  0%| F|  |TAMS 0x000000070a200000| PB 0x000000070a200000| Untracked 
|  53|0x000000070a400000, 0x000000070a400000, 0x000000070a600000|  0%| F|  |TAMS 0x000000070a400000| PB 0x000000070a400000| Untracked 
|  54|0x000000070a600000, 0x000000070a600000, 0x000000070a800000|  0%| F|  |TAMS 0x000000070a600000| PB 0x000000070a600000| Untracked 
|  55|0x000000070a800000, 0x000000070a800000, 0x000000070aa00000|  0%| F|  |TAMS 0x000000070a800000| PB 0x000000070a800000| Untracked 
|  56|0x000000070aa00000, 0x000000070aa00000, 0x000000070ac00000|  0%| F|  |TAMS 0x000000070aa00000| PB 0x000000070aa00000| Untracked 
|  57|0x000000070ac00000, 0x000000070ac00000, 0x000000070ae00000|  0%| F|  |TAMS 0x000000070ac00000| PB 0x000000070ac00000| Untracked 
|  58|0x000000070ae00000, 0x000000070ae00000, 0x000000070b000000|  0%| F|  |TAMS 0x000000070ae00000| PB 0x000000070ae00000| Untracked 
|  59|0x000000070b000000, 0x000000070b000000, 0x000000070b200000|  0%| F|  |TAMS 0x000000070b000000| PB 0x000000070b000000| Untracked 
|  60|0x000000070b200000, 0x000000070b200000, 0x000000070b400000|  0%| F|  |TAMS 0x000000070b200000| PB 0x000000070b200000| Untracked 
|  61|0x000000070b400000, 0x000000070b400000, 0x000000070b600000|  0%| F|  |TAMS 0x000000070b400000| PB 0x000000070b400000| Untracked 
|  62|0x000000070b600000, 0x000000070b600000, 0x000000070b800000|  0%| F|  |TAMS 0x000000070b600000| PB 0x000000070b600000| Untracked 
|  63|0x000000070b800000, 0x000000070b800000, 0x000000070ba00000|  0%| F|  |TAMS 0x000000070b800000| PB 0x000000070b800000| Untracked 
|  64|0x000000070ba00000, 0x000000070ba00000, 0x000000070bc00000|  0%| F|  |TAMS 0x000000070ba00000| PB 0x000000070ba00000| Untracked 
|  65|0x000000070bc00000, 0x000000070bc00000, 0x000000070be00000|  0%| F|  |TAMS 0x000000070bc00000| PB 0x000000070bc00000| Untracked 
|  66|0x000000070be00000, 0x000000070be00000, 0x000000070c000000|  0%| F|  |TAMS 0x000000070be00000| PB 0x000000070be00000| Untracked 
|  67|0x000000070c000000, 0x000000070c000000, 0x000000070c200000|  0%| F|  |TAMS 0x000000070c000000| PB 0x000000070c000000| Untracked 
|  68|0x000000070c200000, 0x000000070c200000, 0x000000070c400000|  0%| F|  |TAMS 0x000000070c200000| PB 0x000000070c200000| Untracked 
|  69|0x000000070c400000, 0x000000070c400000, 0x000000070c600000|  0%| F|  |TAMS 0x000000070c400000| PB 0x000000070c400000| Untracked 
|  70|0x000000070c600000, 0x000000070c600000, 0x000000070c800000|  0%| F|  |TAMS 0x000000070c600000| PB 0x000000070c600000| Untracked 
|  71|0x000000070c800000, 0x000000070c800000, 0x000000070ca00000|  0%| F|  |TAMS 0x000000070c800000| PB 0x000000070c800000| Untracked 
|  72|0x000000070ca00000, 0x000000070ca00000, 0x000000070cc00000|  0%| F|  |TAMS 0x000000070ca00000| PB 0x000000070ca00000| Untracked 
|  73|0x000000070cc00000, 0x000000070cc00000, 0x000000070ce00000|  0%| F|  |TAMS 0x000000070cc00000| PB 0x000000070cc00000| Untracked 
|  74|0x000000070ce00000, 0x000000070ce00000, 0x000000070d000000|  0%| F|  |TAMS 0x000000070ce00000| PB 0x000000070ce00000| Untracked 
|  75|0x000000070d000000, 0x000000070d000000, 0x000000070d200000|  0%| F|  |TAMS 0x000000070d000000| PB 0x000000070d000000| Untracked 
|  76|0x000000070d200000, 0x000000070d200000, 0x000000070d400000|  0%| F|  |TAMS 0x000000070d200000| PB 0x000000070d200000| Untracked 
|  77|0x000000070d400000, 0x000000070d400000, 0x000000070d600000|  0%| F|  |TAMS 0x000000070d400000| PB 0x000000070d400000| Untracked 
|  78|0x000000070d600000, 0x000000070d600000, 0x000000070d800000|  0%| F|  |TAMS 0x000000070d600000| PB 0x000000070d600000| Untracked 
|  79|0x000000070d800000, 0x000000070d800000, 0x000000070da00000|  0%| F|  |TAMS 0x000000070d800000| PB 0x000000070d800000| Untracked 
|  80|0x000000070da00000, 0x000000070da00000, 0x000000070dc00000|  0%| F|  |TAMS 0x000000070da00000| PB 0x000000070da00000| Untracked 
|  81|0x000000070dc00000, 0x000000070dc00000, 0x000000070de00000|  0%| F|  |TAMS 0x000000070dc00000| PB 0x000000070dc00000| Untracked 
|  82|0x000000070de00000, 0x000000070de00000, 0x000000070e000000|  0%| F|  |TAMS 0x000000070de00000| PB 0x000000070de00000| Untracked 
|  83|0x000000070e000000, 0x000000070e000000, 0x000000070e200000|  0%| F|  |TAMS 0x000000070e000000| PB 0x000000070e000000| Untracked 
|  84|0x000000070e200000, 0x000000070e200000, 0x000000070e400000|  0%| F|  |TAMS 0x000000070e200000| PB 0x000000070e200000| Untracked 
|  85|0x000000070e400000, 0x000000070e400000, 0x000000070e600000|  0%| F|  |TAMS 0x000000070e400000| PB 0x000000070e400000| Untracked 
|  86|0x000000070e600000, 0x000000070e600000, 0x000000070e800000|  0%| F|  |TAMS 0x000000070e600000| PB 0x000000070e600000| Untracked 
|  87|0x000000070e800000, 0x000000070e800000, 0x000000070ea00000|  0%| F|  |TAMS 0x000000070e800000| PB 0x000000070e800000| Untracked 
|  88|0x000000070ea00000, 0x000000070ea00000, 0x000000070ec00000|  0%| F|  |TAMS 0x000000070ea00000| PB 0x000000070ea00000| Untracked 
|  89|0x000000070ec00000, 0x000000070ec00000, 0x000000070ee00000|  0%| F|  |TAMS 0x000000070ec00000| PB 0x000000070ec00000| Untracked 
|  90|0x000000070ee00000, 0x000000070ee00000, 0x000000070f000000|  0%| F|  |TAMS 0x000000070ee00000| PB 0x000000070ee00000| Untracked 
|  91|0x000000070f000000, 0x000000070f000000, 0x000000070f200000|  0%| F|  |TAMS 0x000000070f000000| PB 0x000000070f000000| Untracked 
|  92|0x000000070f200000, 0x000000070f200000, 0x000000070f400000|  0%| F|  |TAMS 0x000000070f200000| PB 0x000000070f200000| Untracked 
|  93|0x000000070f400000, 0x000000070f400000, 0x000000070f600000|  0%| F|  |TAMS 0x000000070f400000| PB 0x000000070f400000| Untracked 
|  94|0x000000070f600000, 0x000000070f600000, 0x000000070f800000|  0%| F|  |TAMS 0x000000070f600000| PB 0x000000070f600000| Untracked 
|  95|0x000000070f800000, 0x000000070f800000, 0x000000070fa00000|  0%| F|  |TAMS 0x000000070f800000| PB 0x000000070f800000| Untracked 
|  96|0x000000070fa00000, 0x000000070fa00000, 0x000000070fc00000|  0%| F|  |TAMS 0x000000070fa00000| PB 0x000000070fa00000| Untracked 
|  97|0x000000070fc00000, 0x000000070fc00000, 0x000000070fe00000|  0%| F|  |TAMS 0x000000070fc00000| PB 0x000000070fc00000| Untracked 
|  98|0x000000070fe00000, 0x000000070fe00000, 0x0000000710000000|  0%| F|  |TAMS 0x000000070fe00000| PB 0x000000070fe00000| Untracked 
|  99|0x0000000710000000, 0x0000000710000000, 0x0000000710200000|  0%| F|  |TAMS 0x0000000710000000| PB 0x0000000710000000| Untracked 
| 100|0x0000000710200000, 0x0000000710200000, 0x0000000710400000|  0%| F|  |TAMS 0x0000000710200000| PB 0x0000000710200000| Untracked 
| 101|0x0000000710400000, 0x0000000710400000, 0x0000000710600000|  0%| F|  |TAMS 0x0000000710400000| PB 0x0000000710400000| Untracked 
| 102|0x0000000710600000, 0x0000000710600000, 0x0000000710800000|  0%| F|  |TAMS 0x0000000710600000| PB 0x0000000710600000| Untracked 
| 103|0x0000000710800000, 0x0000000710800000, 0x0000000710a00000|  0%| F|  |TAMS 0x0000000710800000| PB 0x0000000710800000| Untracked 
| 104|0x0000000710a00000, 0x0000000710a00000, 0x0000000710c00000|  0%| F|  |TAMS 0x0000000710a00000| PB 0x0000000710a00000| Untracked 
| 105|0x0000000710c00000, 0x0000000710c00000, 0x0000000710e00000|  0%| F|  |TAMS 0x0000000710c00000| PB 0x0000000710c00000| Untracked 
| 106|0x0000000710e00000, 0x0000000710e00000, 0x0000000711000000|  0%| F|  |TAMS 0x0000000710e00000| PB 0x0000000710e00000| Untracked 
| 107|0x0000000711000000, 0x0000000711000000, 0x0000000711200000|  0%| F|  |TAMS 0x0000000711000000| PB 0x0000000711000000| Untracked 
| 108|0x0000000711200000, 0x0000000711200000, 0x0000000711400000|  0%| F|  |TAMS 0x0000000711200000| PB 0x0000000711200000| Untracked 
| 109|0x0000000711400000, 0x0000000711515040, 0x0000000711600000| 54%| E|  |TAMS 0x0000000711400000| PB 0x0000000711400000| Complete 
| 110|0x0000000711600000, 0x0000000711800000, 0x0000000711800000|100%| E|CS|TAMS 0x0000000711600000| PB 0x0000000711600000| Complete 
| 111|0x0000000711800000, 0x0000000711a00000, 0x0000000711a00000|100%| E|CS|TAMS 0x0000000711800000| PB 0x0000000711800000| Complete 
| 112|0x0000000711a00000, 0x0000000711c00000, 0x0000000711c00000|100%| E|CS|TAMS 0x0000000711a00000| PB 0x0000000711a00000| Complete 
| 113|0x0000000711c00000, 0x0000000711e00000, 0x0000000711e00000|100%| E|  |TAMS 0x0000000711c00000| PB 0x0000000711c00000| Complete 
| 114|0x0000000711e00000, 0x0000000711e75538, 0x0000000712000000| 22%| S|CS|TAMS 0x0000000711e00000| PB 0x0000000711e00000| Complete 
| 115|0x0000000712000000, 0x0000000712200000, 0x0000000712200000|100%| S|CS|TAMS 0x0000000712000000| PB 0x0000000712000000| Complete 
| 116|0x0000000712200000, 0x0000000712400000, 0x0000000712400000|100%| E|CS|TAMS 0x0000000712200000| PB 0x0000000712200000| Complete 
| 117|0x0000000712400000, 0x0000000712600000, 0x0000000712600000|100%| E|CS|TAMS 0x0000000712400000| PB 0x0000000712400000| Complete 
| 118|0x0000000712600000, 0x0000000712800000, 0x0000000712800000|100%| E|CS|TAMS 0x0000000712600000| PB 0x0000000712600000| Complete 
| 119|0x0000000712800000, 0x0000000712a00000, 0x0000000712a00000|100%| E|CS|TAMS 0x0000000712800000| PB 0x0000000712800000| Complete 
| 120|0x0000000712a00000, 0x0000000712c00000, 0x0000000712c00000|100%| E|CS|TAMS 0x0000000712a00000| PB 0x0000000712a00000| Complete 
| 121|0x0000000712c00000, 0x0000000712e00000, 0x0000000712e00000|100%| E|CS|TAMS 0x0000000712c00000| PB 0x0000000712c00000| Complete 
| 122|0x0000000712e00000, 0x0000000713000000, 0x0000000713000000|100%| E|CS|TAMS 0x0000000712e00000| PB 0x0000000712e00000| Complete 
| 123|0x0000000713000000, 0x0000000713200000, 0x0000000713200000|100%| E|CS|TAMS 0x0000000713000000| PB 0x0000000713000000| Complete 
| 124|0x0000000713200000, 0x0000000713400000, 0x0000000713400000|100%| E|CS|TAMS 0x0000000713200000| PB 0x0000000713200000| Complete 
| 125|0x0000000713400000, 0x0000000713600000, 0x0000000713600000|100%| E|CS|TAMS 0x0000000713400000| PB 0x0000000713400000| Complete 
| 126|0x0000000713600000, 0x0000000713800000, 0x0000000713800000|100%| E|CS|TAMS 0x0000000713600000| PB 0x0000000713600000| Complete 

Card table byte_map: [0x0000024136340000,0x0000024136b30000] _byte_map_base: 0x0000024132b23000

Marking Bits: (CMBitMap*) 0x000002411e41f9b0
 Bits: [0x0000024136b30000, 0x000002413aa48000)

Polling page: 0x000002411c340000

Metaspace:

Usage:
  Non-class:      8.74 MB used.
      Class:      1.34 MB used.
       Both:     10.08 MB used.

Virtual space:
  Non-class space:       64.00 MB reserved,       8.94 MB ( 14%) committed,  1 nodes.
      Class space:        1.00 GB reserved,       1.44 MB ( <1%) committed,  1 nodes.
             Both:        1.06 GB reserved,      10.38 MB ( <1%) committed. 

Chunk freelists:
   Non-Class:  6.78 MB
       Class:  14.56 MB
        Both:  21.34 MB

MaxMetaspaceSize: unlimited
CompressedClassSpaceSize: 1.00 GB
Initial GC threshold: 21.00 MB
Current GC threshold: 21.00 MB
CDS: on
 - commit_granule_bytes: 65536.
 - commit_granule_words: 8192.
 - virtual_space_node_default_size: 8388608.
 - enlarge_chunks_in_place: 1.
 - use_allocation_guard: 0.


Internal statistics:

num_allocs_failed_limit: 0.
num_arena_births: 254.
num_arena_deaths: 0.
num_vsnodes_births: 2.
num_vsnodes_deaths: 0.
num_space_committed: 166.
num_space_uncommitted: 0.
num_chunks_returned_to_freelist: 0.
num_chunks_taken_from_freelist: 546.
num_chunk_merges: 0.
num_chunk_splits: 364.
num_chunks_enlarged: 263.
num_inconsistent_stats: 0.

CodeHeap 'non-profiled nmethods': size=120000Kb used=791Kb max_used=791Kb free=119208Kb
 bounds [0x000002412e2f0000, 0x000002412e560000, 0x0000024135820000]
CodeHeap 'profiled nmethods': size=120000Kb used=2983Kb max_used=2983Kb free=117016Kb
 bounds [0x0000024126820000, 0x0000024126b10000, 0x000002412dd50000]
CodeHeap 'non-nmethods': size=5760Kb used=1754Kb max_used=1794Kb free=4005Kb
 bounds [0x000002412dd50000, 0x000002412dfc0000, 0x000002412e2f0000]
 total_blobs=2289 nmethods=1653 adapters=541
 compilation: enabled
              stopped_count=0, restarted_count=0
 full_count=0

Compilation events (20 events):
Event: 0.942 Thread 0x000002413d4d5790 1612       3       com.sun.org.apache.xerces.internal.impl.XMLEntityScanner::checkBeforeLoad (140 bytes)
Event: 0.942 Thread 0x000002413d4d5790 nmethod 1612 0x0000024126afb490 code [0x0000024126afb680, 0x0000024126afbbf0]
Event: 0.942 Thread 0x000002413d4d5790 1613       3       java.nio.Buffer::nextPutIndex (30 bytes)
Event: 0.942 Thread 0x000002413d4d5790 nmethod 1613 0x0000024126afbd90 code [0x0000024126afbf40, 0x0000024126afc118]
Event: 0.942 Thread 0x000002413d4d5790 1614       3       sun.nio.cs.UnicodeDecoder::decode (24 bytes)
Event: 0.942 Thread 0x000002413d4d5790 nmethod 1614 0x0000024126afc210 code [0x0000024126afc3c0, 0x0000024126afc568]
Event: 0.942 Thread 0x000002413d4d5790 1615       3       java.nio.HeapCharBuffer::put (16 bytes)
Event: 0.942 Thread 0x000002413d4d5790 nmethod 1615 0x0000024126afc610 code [0x0000024126afc7e0, 0x0000024126afcac8]
Event: 0.943 Thread 0x000002413d4d5790 1616       3       sun.invoke.util.VerifyAccess::isTypeVisible (47 bytes)
Event: 0.943 Thread 0x000002413d4d5790 nmethod 1616 0x0000024126afcc90 code [0x0000024126afce80, 0x0000024126afd2a0]
Event: 0.943 Thread 0x000002413d4d5790 1617       3       java.lang.invoke.MethodType::parameterSlotCount (8 bytes)
Event: 0.943 Thread 0x000002413d4d5790 nmethod 1617 0x0000024126afd490 code [0x0000024126afd620, 0x0000024126afd758]
Event: 0.943 Thread 0x000002413d4d5790 1618       3       java.util.HashMap::newHashMap (44 bytes)
Event: 0.943 Thread 0x000002413d4d5790 nmethod 1618 0x0000024126afd810 code [0x0000024126afdaa0, 0x0000024126afe290]
Event: 0.943 Thread 0x000002413d4d5790 1619       3       java.lang.invoke.DelegatingMethodHandle$Holder::reinvoke_L (20 bytes)
Event: 0.943 Thread 0x000002413d4d5790 nmethod 1619 0x0000024126afe610 code [0x0000024126afe7e0, 0x0000024126afec30]
Event: 0.943 Thread 0x000002413d4d5790 1620       1       com.sun.org.apache.xerces.internal.util.XMLAttributesImpl::getLength (5 bytes)
Event: 0.944 Thread 0x000002413d4d5790 nmethod 1620 0x000002412e39e510 code [0x000002412e39e6a0, 0x000002412e39e768]
Event: 0.946 Thread 0x000002413d4d5790 1621       3       java.lang.invoke.MemberName::changeReferenceKind (46 bytes)
Event: 0.947 Thread 0x000002413d4d5790 nmethod 1621 0x0000024126afed90 code [0x0000024126afef20, 0x0000024126aff050]

GC Heap History (2 events):
Event: 0.440 GC heap before
{Heap before GC invocations=0 (full 0):
 garbage-first heap   total 260096K, used 22528K [0x0000000703a00000, 0x0000000800000000)
  region size 2048K, 11 young (22528K), 0 survivors (0K)
 Metaspace       used 5027K, committed 5184K, reserved 1114112K
  class space    used 589K, committed 640K, reserved 1048576K
}
Event: 0.444 GC heap after
{Heap after GC invocations=1 (full 0):
 garbage-first heap   total 260096K, used 2517K [0x0000000703a00000, 0x0000000800000000)
  region size 2048K, 2 young (4096K), 2 survivors (4096K)
 Metaspace       used 5027K, committed 5184K, reserved 1114112K
  class space    used 589K, committed 640K, reserved 1048576K
}

Dll operation events (20 events):
Event: 0.247 Loaded shared library D:\OneDrive - ptit.edu.vn\Download\javafx-sdk-22\bin\api-ms-win-crt-math-l1-1-0.dll
Event: 0.248 Loaded shared library D:\OneDrive - ptit.edu.vn\Download\javafx-sdk-22\bin\api-ms-win-crt-multibyte-l1-1-0.dll
Event: 0.248 Loaded shared library D:\OneDrive - ptit.edu.vn\Download\javafx-sdk-22\bin\api-ms-win-crt-private-l1-1-0.dll
Event: 0.249 Loaded shared library D:\OneDrive - ptit.edu.vn\Download\javafx-sdk-22\bin\api-ms-win-crt-process-l1-1-0.dll
Event: 0.250 Loaded shared library D:\OneDrive - ptit.edu.vn\Download\javafx-sdk-22\bin\api-ms-win-crt-runtime-l1-1-0.dll
Event: 0.250 Loaded shared library D:\OneDrive - ptit.edu.vn\Download\javafx-sdk-22\bin\api-ms-win-crt-stdio-l1-1-0.dll
Event: 0.251 Loaded shared library D:\OneDrive - ptit.edu.vn\Download\javafx-sdk-22\bin\api-ms-win-crt-string-l1-1-0.dll
Event: 0.252 Loaded shared library D:\OneDrive - ptit.edu.vn\Download\javafx-sdk-22\bin\api-ms-win-crt-time-l1-1-0.dll
Event: 0.252 Loaded shared library D:\OneDrive - ptit.edu.vn\Download\javafx-sdk-22\bin\api-ms-win-crt-utility-l1-1-0.dll
Event: 0.253 Loaded shared library D:\OneDrive - ptit.edu.vn\Download\javafx-sdk-22\bin\ucrtbase.dll
Event: 0.254 Loaded shared library D:\OneDrive - ptit.edu.vn\Download\javafx-sdk-22\bin\vcruntime140.dll
Event: 0.255 Loaded shared library D:\OneDrive - ptit.edu.vn\Download\javafx-sdk-22\bin\vcruntime140_1.dll
Event: 0.257 Loaded shared library D:\OneDrive - ptit.edu.vn\Download\javafx-sdk-22\bin\msvcp140.dll
Event: 0.258 Loaded shared library D:\OneDrive - ptit.edu.vn\Download\javafx-sdk-22\bin\msvcp140_1.dll
Event: 0.259 Loaded shared library D:\OneDrive - ptit.edu.vn\Download\javafx-sdk-22\bin\msvcp140_2.dll
Event: 0.295 Loaded shared library D:\OneDrive - ptit.edu.vn\Download\javafx-sdk-22\bin\prism_d3d.dll
Event: 0.321 Loaded shared library D:\OneDrive - ptit.edu.vn\Download\javafx-sdk-22\bin\glass.dll
Event: 0.430 Loaded shared library C:\Program Files\Java\jdk-21\bin\jimage.dll
Event: 0.774 Loaded shared library D:\OneDrive - ptit.edu.vn\Download\javafx-sdk-22\bin\javafx_font.dll
Event: 0.954 Loaded shared library D:\OneDrive - ptit.edu.vn\Download\javafx-sdk-22\bin\javafx_iio.dll

Deoptimization events (20 events):
Event: 0.955 Thread 0x000002417f1ec000 Uncommon trap: trap_request=0xffffffde fr.pc=0x000002412e384f24 relative=0x0000000000000a04
Event: 0.955 Thread 0x000002417f1ec000 Uncommon trap: reason=class_check action=maybe_recompile pc=0x000002412e384f24 method=java.io.BufferedInputStream.implRead([BII)I @ 100 c2
Event: 0.955 Thread 0x000002417f1ec000 DEOPT PACKING pc=0x000002412e384f24 sp=0x00000078779fcbf0
Event: 0.955 Thread 0x000002417f1ec000 DEOPT UNPACKING pc=0x000002412dda7da2 sp=0x00000078779fcb48 mode 2
Event: 0.956 Thread 0x000002417f1ec000 Uncommon trap: trap_request=0xffffffde fr.pc=0x000002412e384f24 relative=0x0000000000000a04
Event: 0.956 Thread 0x000002417f1ec000 Uncommon trap: reason=class_check action=maybe_recompile pc=0x000002412e384f24 method=java.io.BufferedInputStream.implRead([BII)I @ 100 c2
Event: 0.956 Thread 0x000002417f1ec000 DEOPT PACKING pc=0x000002412e384f24 sp=0x00000078779fcbf0
Event: 0.956 Thread 0x000002417f1ec000 DEOPT UNPACKING pc=0x000002412dda7da2 sp=0x00000078779fcb48 mode 2
Event: 0.957 Thread 0x000002417f1ec000 Uncommon trap: trap_request=0xffffffde fr.pc=0x000002412e384f24 relative=0x0000000000000a04
Event: 0.957 Thread 0x000002417f1ec000 Uncommon trap: reason=class_check action=maybe_recompile pc=0x000002412e384f24 method=java.io.BufferedInputStream.implRead([BII)I @ 100 c2
Event: 0.957 Thread 0x000002417f1ec000 DEOPT PACKING pc=0x000002412e384f24 sp=0x00000078779fcbf0
Event: 0.957 Thread 0x000002417f1ec000 DEOPT UNPACKING pc=0x000002412dda7da2 sp=0x00000078779fcb48 mode 2
Event: 0.957 Thread 0x000002417f1ec000 Uncommon trap: trap_request=0xffffffde fr.pc=0x000002412e384f24 relative=0x0000000000000a04
Event: 0.957 Thread 0x000002417f1ec000 Uncommon trap: reason=class_check action=maybe_recompile pc=0x000002412e384f24 method=java.io.BufferedInputStream.implRead([BII)I @ 100 c2
Event: 0.957 Thread 0x000002417f1ec000 DEOPT PACKING pc=0x000002412e384f24 sp=0x00000078779fcbf0
Event: 0.957 Thread 0x000002417f1ec000 DEOPT UNPACKING pc=0x000002412dda7da2 sp=0x00000078779fcb48 mode 2
Event: 0.958 Thread 0x000002417f1ec000 Uncommon trap: trap_request=0xffffffde fr.pc=0x000002412e3827f8 relative=0x0000000000000638
Event: 0.958 Thread 0x000002417f1ec000 Uncommon trap: reason=class_check action=maybe_recompile pc=0x000002412e3827f8 method=java.io.BufferedInputStream.implRead([BII)I @ 100 c2
Event: 0.958 Thread 0x000002417f1ec000 DEOPT PACKING pc=0x000002412e3827f8 sp=0x00000078779fcb70
Event: 0.958 Thread 0x000002417f1ec000 DEOPT UNPACKING pc=0x000002412dda7da2 sp=0x00000078779fcb48 mode 2

Classes loaded (20 events):
Event: 0.913 Loading class sun/reflect/generics/repository/ClassRepository
Event: 0.913 Loading class sun/reflect/generics/repository/ClassRepository done
Event: 0.913 Loading class sun/reflect/generics/tree/ClassSignature
Event: 0.913 Loading class sun/reflect/generics/tree/ClassSignature done
Event: 0.913 Loading class sun/reflect/generics/tree/TypeVariableSignature
Event: 0.913 Loading class sun/reflect/generics/tree/TypeVariableSignature done
Event: 0.913 Loading class sun/reflect/generics/reflectiveObjects/TypeVariableImpl
Event: 0.913 Loading class sun/reflect/generics/reflectiveObjects/LazyReflectiveObjectGenerator
Event: 0.913 Loading class sun/reflect/generics/reflectiveObjects/LazyReflectiveObjectGenerator done
Event: 0.913 Loading class sun/reflect/generics/reflectiveObjects/TypeVariableImpl done
Event: 0.914 Loading class java/math/BigDecimal
Event: 0.915 Loading class java/math/BigDecimal done
Event: 0.930 Loading class java/lang/annotation/Documented
Event: 0.930 Loading class java/lang/annotation/Documented done
Event: 0.931 Loading class java/lang/reflect/UndeclaredThrowableException
Event: 0.931 Loading class java/lang/reflect/UndeclaredThrowableException done
Event: 0.932 Loading class java/lang/Class$AnnotationData
Event: 0.932 Loading class java/lang/Class$AnnotationData done
Event: 0.949 Loading class java/io/SequenceInputStream
Event: 0.949 Loading class java/io/SequenceInputStream done

Classes unloaded (0 events):
No events

Classes redefined (0 events):
No events

Internal exceptions (20 events):
Event: 0.666 Thread 0x000002417f1ec000 Exception <a 'java/lang/ClassNotFoundException'{0x0000000712cf09c8}: com/sun/glass/ui/win/themes_cs_Latn_CZ> (0x0000000712cf09c8) 
thrown [s\open\src\hotspot\share\prims\jni.cpp, line 539]
Event: 0.666 Thread 0x000002417f1ec000 Exception <a 'java/lang/ClassNotFoundException'{0x0000000712cf19e8}: com/sun/glass/ui/win/themes_sv_AX> (0x0000000712cf19e8) 
thrown [s\open\src\hotspot\share\prims\jni.cpp, line 539]
Event: 0.666 Thread 0x000002417f1ec000 Exception <a 'java/lang/ClassNotFoundException'{0x0000000712cf29c0}: com/sun/glass/ui/win/themes_af_NA> (0x0000000712cf29c0) 
thrown [s\open\src\hotspot\share\prims\jni.cpp, line 539]
Event: 0.666 Thread 0x000002417f1ec000 Exception <a 'java/lang/ClassNotFoundException'{0x0000000712cf3b78}: com/sun/glass/ui/win/themes_en_IN> (0x0000000712cf3b78) 
thrown [s\open\src\hotspot\share\prims\jni.cpp, line 539]
Event: 0.666 Thread 0x000002417f1ec000 Exception <a 'java/lang/ClassNotFoundException'{0x0000000712cf4f20}: com/sun/glass/ui/win/themes_es_NI> (0x0000000712cf4f20) 
thrown [s\open\src\hotspot\share\prims\jni.cpp, line 539]
Event: 0.666 Thread 0x000002417f1ec000 Exception <a 'java/lang/ClassNotFoundException'{0x0000000712cf6098}: com/sun/glass/ui/win/themes_ii_Yiii> (0x0000000712cf6098) 
thrown [s\open\src\hotspot\share\prims\jni.cpp, line 539]
Event: 0.666 Thread 0x000002417f1ec000 Exception <a 'java/lang/ClassNotFoundException'{0x0000000712cf6e68}: com/sun/glass/ui/win/themes_ii_Yiii_CN> (0x0000000712cf6e68) 
thrown [s\open\src\hotspot\share\prims\jni.cpp, line 539]
Event: 0.666 Thread 0x000002417f1ec000 Exception <a 'java/lang/ClassNotFoundException'{0x0000000712cf7e88}: com/sun/glass/ui/win/themes_mas_TZ> (0x0000000712cf7e88) 
thrown [s\open\src\hotspot\share\prims\jni.cpp, line 539]
Event: 0.666 Thread 0x000002417f1ec000 Exception <a 'java/lang/ClassNotFoundException'{0x0000000712cf92b0}: com/sun/glass/ui/win/themes_ms_BN> (0x0000000712cf92b0) 
thrown [s\open\src\hotspot\share\prims\jni.cpp, line 539]
Event: 0.666 Thread 0x000002417f1ec000 Exception <a 'java/lang/ClassNotFoundException'{0x0000000712cfa2c0}: com/sun/glass/ui/win/themes_ccp_IN> (0x0000000712cfa2c0) 
thrown [s\open\src\hotspot\share\prims\jni.cpp, line 539]
Event: 0.691 Thread 0x000002417f1ec000 Exception <a 'sun/nio/fs/WindowsException'{0x0000000712b13cf0}> (0x0000000712b13cf0) 
thrown [s\open\src\hotspot\share\prims\jni.cpp, line 520]
Event: 0.728 Thread 0x000002417f1ec000 Exception <a 'java/lang/NoSuchMethodError'{0x000000071266ba00}: 'java.lang.Object java.lang.invoke.DirectMethodHandle$Holder.invokeStaticInit(java.lang.Object, java.lang.Object, java.lang.Object, java.lang.Object)'> (0x000000071266ba00) 
thrown [s\open\src\hotspot\share\interpreter\linkResolver.cpp, line 773]
Event: 0.728 Thread 0x000002417f1ec000 Exception <a 'java/lang/NullPointerException'{0x0000000712678630}> (0x0000000712678630) 
thrown [s\open\src\hotspot\share\interpreter\linkResolver.cpp, line 1372]
Event: 0.854 Thread 0x000002417f1ec000 Exception <a 'java/lang/NoSuchMethodError'{0x0000000711b53cc8}: 'void java.lang.invoke.DirectMethodHandle$Holder.invokeStaticInit(java.lang.Object, java.lang.Object)'> (0x0000000711b53cc8) 
thrown [s\open\src\hotspot\share\interpreter\linkResolver.cpp, line 773]
Event: 0.871 Thread 0x000002417f1ec000 Exception <a 'sun/nio/fs/WindowsException'{0x000000071184a260}> (0x000000071184a260) 
thrown [s\open\src\hotspot\share\prims\jni.cpp, line 520]
Event: 0.906 Thread 0x000002417f1ec000 Exception <a 'java/lang/NoSuchMethodError'{0x0000000711934aa0}: 'void java.lang.invoke.DirectMethodHandle$Holder.invokeSpecial(java.lang.Object, java.lang.Object, double)'> (0x0000000711934aa0) 
thrown [s\open\src\hotspot\share\interpreter\linkResolver.cpp, line 773]
Event: 0.907 Thread 0x000002417f1ec000 Exception <a 'java/lang/NoSuchMethodError'{0x000000071193f688}: 'double java.lang.invoke.DelegatingMethodHandle$Holder.reinvoke_L(java.lang.Object, java.lang.Object, int)'> (0x000000071193f688) 
thrown [s\open\src\hotspot\share\interpreter\linkResolver.cpp, line 773]
Event: 0.908 Thread 0x000002417f1ec000 Exception <a 'java/lang/NoSuchMethodError'{0x0000000711954220}: 'java.lang.Object java.lang.invoke.DirectMethodHandle$Holder.invokeStatic(java.lang.Object, java.lang.Object, java.lang.Object, java.lang.Object, int)'> (0x0000000711954220) 
thrown [s\open\src\hotspot\share\interpreter\linkResolver.cpp, line 773]
Event: 0.910 Thread 0x000002417f1ec000 Exception <a 'java/lang/NoSuchMethodError'{0x000000071195f868}: 'void java.lang.invoke.DelegatingMethodHandle$Holder.reinvoke_L(java.lang.Object, java.lang.Object, double)'> (0x000000071195f868) 
thrown [s\open\src\hotspot\share\interpreter\linkResolver.cpp, line 773]
Event: 0.937 Thread 0x000002417f1ec000 Exception <a 'java/lang/NoSuchMethodError'{0x00000007116cd8b8}: 'void java.lang.invoke.Invokers$Holder.invokeExact_MT(java.lang.Object, java.lang.Object, java.lang.Object, java.lang.Object)'> (0x00000007116cd8b8) 
thrown [s\open\src\hotspot\share\interpreter\linkResolver.cpp, line 773]

ZGC Phase Switch (0 events):
No events

VM Operations (18 events):
Event: 0.127 Executing VM operation: HandshakeAllThreads (Deoptimize)
Event: 0.127 Executing VM operation: HandshakeAllThreads (Deoptimize) done
Event: 0.127 Executing VM operation: HandshakeAllThreads (Deoptimize)
Event: 0.127 Executing VM operation: HandshakeAllThreads (Deoptimize) done
Event: 0.318 Executing VM operation: HandshakeAllThreads (Deoptimize)
Event: 0.318 Executing VM operation: HandshakeAllThreads (Deoptimize) done
Event: 0.440 Executing VM operation: G1CollectForAllocation (G1 Evacuation Pause)
Event: 0.444 Executing VM operation: G1CollectForAllocation (G1 Evacuation Pause) done
Event: 0.449 Executing VM operation: HandshakeAllThreads (Deoptimize)
Event: 0.449 Executing VM operation: HandshakeAllThreads (Deoptimize) done
Event: 0.777 Executing VM operation: HandshakeAllThreads (Deoptimize)
Event: 0.777 Executing VM operation: HandshakeAllThreads (Deoptimize) done
Event: 0.777 Executing VM operation: HandshakeAllThreads (Deoptimize)
Event: 0.777 Executing VM operation: HandshakeAllThreads (Deoptimize) done
Event: 0.830 Executing VM operation: ICBufferFull
Event: 0.831 Executing VM operation: ICBufferFull done
Event: 0.883 Executing VM operation: HandshakeAllThreads (Deoptimize)
Event: 0.883 Executing VM operation: HandshakeAllThreads (Deoptimize) done

Events (19 events):
Event: 0.021 Thread 0x000002411e3b7510 Thread added: 0x000002411e3b7510
Event: 0.035 Thread 0x000002413d4b52e0 Thread added: 0x000002413d4b52e0
Event: 0.035 Thread 0x000002413d4b8770 Thread added: 0x000002413d4b8770
Event: 0.035 Thread 0x000002413d4ba720 Thread added: 0x000002413d4ba720
Event: 0.035 Thread 0x000002413d4bd5e0 Thread added: 0x000002413d4bd5e0
Event: 0.035 Thread 0x000002413d4be950 Thread added: 0x000002413d4be950
Event: 0.035 Thread 0x000002413d4c2df0 Thread added: 0x000002413d4c2df0
Event: 0.035 Thread 0x000002413d4d30d0 Thread added: 0x000002413d4d30d0
Event: 0.036 Thread 0x000002413d4d5790 Thread added: 0x000002413d4d5790
Event: 0.057 Thread 0x000002413d6c2d90 Thread added: 0x000002413d6c2d90
Event: 0.110 Thread 0x000002413d804860 Thread added: 0x000002413d804860
Event: 0.111 Thread 0x000002413d6cd5c0 Thread added: 0x000002413d6cd5c0
Event: 0.160 Thread 0x000002413d9397a0 Thread added: 0x000002413d9397a0
Event: 0.160 Thread 0x000002417f180a60 Thread added: 0x000002417f180a60
Event: 0.288 Thread 0x000002417f3d2e40 Thread added: 0x000002417f3d2e40
Event: 0.322 Thread 0x000002417f45edb0 Thread added: 0x000002417f45edb0
Event: 0.325 Thread 0x000002417f1ec000 Thread added: 0x000002417f1ec000
Event: 0.400 Thread 0x00000241040c3470 Thread added: 0x00000241040c3470
Event: 0.402 Thread 0x000002417f6fb8b0 Thread added: 0x000002417f6fb8b0


Dynamic libraries:
0x00007ff6ff7d0000 - 0x00007ff6ff7e0000 	C:\Program Files\Java\jdk-21\bin\java.exe
0x00007ff966eb0000 - 0x00007ff9670a8000 	C:\Windows\SYSTEM32\ntdll.dll
0x00007ff965760000 - 0x00007ff96581d000 	C:\Windows\System32\KERNEL32.DLL
0x00007ff9648e0000 - 0x00007ff964bd6000 	C:\Windows\System32\KERNELBASE.dll
0x00007ff964be0000 - 0x00007ff964ce0000 	C:\Windows\System32\ucrtbase.dll
0x00007ff944e00000 - 0x00007ff944e19000 	C:\Program Files\Java\jdk-21\bin\jli.dll
0x00007ff943e10000 - 0x00007ff943e2b000 	C:\Program Files\Java\jdk-21\bin\VCRUNTIME140.dll
0x00007ff965920000 - 0x00007ff9659d0000 	C:\Windows\System32\ADVAPI32.dll
0x00007ff966400000 - 0x00007ff96649e000 	C:\Windows\System32\msvcrt.dll
0x00007ff965820000 - 0x00007ff9658c0000 	C:\Windows\System32\sechost.dll
0x00007ff966740000 - 0x00007ff966865000 	C:\Windows\System32\RPCRT4.dll
0x00007ff964770000 - 0x00007ff964797000 	C:\Windows\System32\bcrypt.dll
0x00007ff964ff0000 - 0x00007ff96518f000 	C:\Windows\System32\USER32.dll
0x00007ff964eb0000 - 0x00007ff964ed2000 	C:\Windows\System32\win32u.dll
0x00007ff963930000 - 0x00007ff963bca000 	C:\Windows\WinSxS\amd64_microsoft.windows.common-controls_6595b64144ccf1df_6.0.19041.3636_none_60b6a03d71f818d5\COMCTL32.dll
0x00007ff966e40000 - 0x00007ff966e6b000 	C:\Windows\System32\GDI32.dll
0x00007ff964560000 - 0x00007ff964677000 	C:\Windows\System32\gdi32full.dll
0x00007ff964680000 - 0x00007ff96471d000 	C:\Windows\System32\msvcp_win.dll
0x00007ff95d9e0000 - 0x00007ff95d9ea000 	C:\Windows\SYSTEM32\VERSION.dll
0x00007ff966550000 - 0x00007ff966582000 	C:\Windows\System32\IMM32.DLL
0x00007ff948b10000 - 0x00007ff948b1c000 	C:\Program Files\Java\jdk-21\bin\vcruntime140_1.dll
0x00007ff92ff60000 - 0x00007ff92ffee000 	C:\Program Files\Java\jdk-21\bin\msvcp140.dll
0x00007ff8f2a00000 - 0x00007ff8f3715000 	C:\Program Files\Java\jdk-21\bin\server\jvm.dll
0x00007ff966310000 - 0x00007ff96637b000 	C:\Windows\System32\WS2_32.dll
0x00007ff963f30000 - 0x00007ff963f7b000 	C:\Windows\SYSTEM32\POWRPROF.dll
0x00007ff958160000 - 0x00007ff958187000 	C:\Windows\SYSTEM32\WINMM.dll
0x00007ff963bd0000 - 0x00007ff963be2000 	C:\Windows\SYSTEM32\UMPDC.dll
0x00007ff962710000 - 0x00007ff962722000 	C:\Windows\SYSTEM32\kernel.appcore.dll
0x00007ff948170000 - 0x00007ff94817a000 	C:\Program Files\Java\jdk-21\bin\jimage.dll
0x00007ff963d40000 - 0x00007ff963f24000 	C:\Windows\SYSTEM32\DBGHELP.DLL
0x00007ff963d00000 - 0x00007ff963d34000 	C:\Windows\SYSTEM32\dbgcore.DLL
0x00007ff9647a0000 - 0x00007ff964822000 	C:\Windows\System32\bcryptPrimitives.dll
0x00007ff9613f0000 - 0x00007ff9613ff000 	C:\Program Files\Java\jdk-21\bin\instrument.dll
0x00007ff943df0000 - 0x00007ff943e0f000 	C:\Program Files\Java\jdk-21\bin\java.dll
0x00007ff965b90000 - 0x00007ff9662fb000 	C:\Windows\System32\SHELL32.dll
0x00007ff961f60000 - 0x00007ff9626fe000 	C:\Windows\SYSTEM32\windows.storage.dll
0x00007ff9652b0000 - 0x00007ff965603000 	C:\Windows\System32\combase.dll
0x00007ff963890000 - 0x00007ff9638be000 	C:\Windows\SYSTEM32\Wldp.dll
0x00007ff9659d0000 - 0x00007ff965a9d000 	C:\Windows\System32\OLEAUT32.dll
0x00007ff964ee0000 - 0x00007ff964f8d000 	C:\Windows\System32\SHCORE.dll
0x00007ff964f90000 - 0x00007ff964fe5000 	C:\Windows\System32\shlwapi.dll
0x00007ff964490000 - 0x00007ff9644b3000 	C:\Windows\SYSTEM32\profapi.dll
0x00007ff92a090000 - 0x00007ff92a167000 	C:\Program Files\Java\jdk-21\bin\jsvml.dll
0x00007ff943de0000 - 0x00007ff943df0000 	C:\Program Files\Java\jdk-21\bin\net.dll
0x00007ff95acc0000 - 0x00007ff95adca000 	C:\Windows\SYSTEM32\WINHTTP.dll
0x00007ff963760000 - 0x00007ff9637ca000 	C:\Windows\system32\mswsock.dll
0x00007ff9424e0000 - 0x00007ff9424f6000 	C:\Program Files\Java\jdk-21\bin\nio.dll
0x00007ff942790000 - 0x00007ff9427a8000 	C:\Program Files\Java\jdk-21\bin\zip.dll
0x00007ff95c6c0000 - 0x00007ff95c6da000 	C:\Program Files\JetBrains\IntelliJ IDEA Community Edition 2023.2.3\bin\breakgen64.dll
0x000002411c3b0000 - 0x000002411c3b3000 	D:\OneDrive - ptit.edu.vn\Download\javafx-sdk-22\bin\api-ms-win-core-console-l1-1-0.dll
0x000002411c3c0000 - 0x000002411c3c3000 	D:\OneDrive - ptit.edu.vn\Download\javafx-sdk-22\bin\api-ms-win-core-console-l1-2-0.dll
0x000002411c3d0000 - 0x000002411c3d3000 	D:\OneDrive - ptit.edu.vn\Download\javafx-sdk-22\bin\api-ms-win-core-datetime-l1-1-0.dll
0x000002411e350000 - 0x000002411e353000 	D:\OneDrive - ptit.edu.vn\Download\javafx-sdk-22\bin\api-ms-win-core-debug-l1-1-0.dll
0x000002411e360000 - 0x000002411e363000 	D:\OneDrive - ptit.edu.vn\Download\javafx-sdk-22\bin\api-ms-win-core-errorhandling-l1-1-0.dll
0x000002411e370000 - 0x000002411e374000 	D:\OneDrive - ptit.edu.vn\Download\javafx-sdk-22\bin\api-ms-win-core-file-l1-1-0.dll
0x000002411e380000 - 0x000002411e383000 	D:\OneDrive - ptit.edu.vn\Download\javafx-sdk-22\bin\api-ms-win-core-file-l1-2-0.dll
0x000002413d9f0000 - 0x000002413d9f3000 	D:\OneDrive - ptit.edu.vn\Download\javafx-sdk-22\bin\api-ms-win-core-file-l2-1-0.dll
0x000002413da00000 - 0x000002413da03000 	D:\OneDrive - ptit.edu.vn\Download\javafx-sdk-22\bin\api-ms-win-core-handle-l1-1-0.dll
0x000002413da10000 - 0x000002413da13000 	D:\OneDrive - ptit.edu.vn\Download\javafx-sdk-22\bin\api-ms-win-core-heap-l1-1-0.dll
0x000002413da20000 - 0x000002413da23000 	D:\OneDrive - ptit.edu.vn\Download\javafx-sdk-22\bin\api-ms-win-core-interlocked-l1-1-0.dll
0x000002413da30000 - 0x000002413da33000 	D:\OneDrive - ptit.edu.vn\Download\javafx-sdk-22\bin\api-ms-win-core-libraryloader-l1-1-0.dll
0x000002413da40000 - 0x000002413da43000 	D:\OneDrive - ptit.edu.vn\Download\javafx-sdk-22\bin\api-ms-win-core-localization-l1-2-0.dll
0x000002413da50000 - 0x000002413da53000 	D:\OneDrive - ptit.edu.vn\Download\javafx-sdk-22\bin\api-ms-win-core-memory-l1-1-0.dll
0x000002413da60000 - 0x000002413da63000 	D:\OneDrive - ptit.edu.vn\Download\javafx-sdk-22\bin\api-ms-win-core-namedpipe-l1-1-0.dll
0x000002413da70000 - 0x000002413da73000 	D:\OneDrive - ptit.edu.vn\Download\javafx-sdk-22\bin\api-ms-win-core-processenvironment-l1-1-0.dll
0x000002413da80000 - 0x000002413da83000 	D:\OneDrive - ptit.edu.vn\Download\javafx-sdk-22\bin\api-ms-win-core-processthreads-l1-1-0.dll
0x000002413da90000 - 0x000002413da93000 	D:\OneDrive - ptit.edu.vn\Download\javafx-sdk-22\bin\api-ms-win-core-processthreads-l1-1-1.dll
0x000002413daa0000 - 0x000002413daa3000 	D:\OneDrive - ptit.edu.vn\Download\javafx-sdk-22\bin\api-ms-win-core-profile-l1-1-0.dll
0x000002413dab0000 - 0x000002413dab3000 	D:\OneDrive - ptit.edu.vn\Download\javafx-sdk-22\bin\api-ms-win-core-rtlsupport-l1-1-0.dll
0x000002413dac0000 - 0x000002413dac3000 	D:\OneDrive - ptit.edu.vn\Download\javafx-sdk-22\bin\api-ms-win-core-string-l1-1-0.dll
0x000002413dad0000 - 0x000002413dad3000 	D:\OneDrive - ptit.edu.vn\Download\javafx-sdk-22\bin\api-ms-win-core-synch-l1-1-0.dll
0x000002413dae0000 - 0x000002413dae3000 	D:\OneDrive - ptit.edu.vn\Download\javafx-sdk-22\bin\api-ms-win-core-synch-l1-2-0.dll
0x000002413daf0000 - 0x000002413daf3000 	D:\OneDrive - ptit.edu.vn\Download\javafx-sdk-22\bin\api-ms-win-core-sysinfo-l1-1-0.dll
0x000002413db00000 - 0x000002413db03000 	D:\OneDrive - ptit.edu.vn\Download\javafx-sdk-22\bin\api-ms-win-core-timezone-l1-1-0.dll
0x000002413db10000 - 0x000002413db13000 	D:\OneDrive - ptit.edu.vn\Download\javafx-sdk-22\bin\api-ms-win-core-util-l1-1-0.dll
0x000002413db20000 - 0x000002413db23000 	D:\OneDrive - ptit.edu.vn\Download\javafx-sdk-22\bin\api-ms-win-crt-conio-l1-1-0.dll
0x000002413db30000 - 0x000002413db34000 	D:\OneDrive - ptit.edu.vn\Download\javafx-sdk-22\bin\api-ms-win-crt-convert-l1-1-0.dll
0x000002413db40000 - 0x000002413db43000 	D:\OneDrive - ptit.edu.vn\Download\javafx-sdk-22\bin\api-ms-win-crt-environment-l1-1-0.dll
0x000002413db50000 - 0x000002413db53000 	D:\OneDrive - ptit.edu.vn\Download\javafx-sdk-22\bin\api-ms-win-crt-filesystem-l1-1-0.dll
0x000002413db60000 - 0x000002413db63000 	D:\OneDrive - ptit.edu.vn\Download\javafx-sdk-22\bin\api-ms-win-crt-heap-l1-1-0.dll
0x000002413db70000 - 0x000002413db73000 	D:\OneDrive - ptit.edu.vn\Download\javafx-sdk-22\bin\api-ms-win-crt-locale-l1-1-0.dll
0x000002413db80000 - 0x000002413db85000 	D:\OneDrive - ptit.edu.vn\Download\javafx-sdk-22\bin\api-ms-win-crt-math-l1-1-0.dll
0x000002413db90000 - 0x000002413db95000 	D:\OneDrive - ptit.edu.vn\Download\javafx-sdk-22\bin\api-ms-win-crt-multibyte-l1-1-0.dll
0x000002413dba0000 - 0x000002413dbb0000 	D:\OneDrive - ptit.edu.vn\Download\javafx-sdk-22\bin\api-ms-win-crt-private-l1-1-0.dll
0x000002413dbb0000 - 0x000002413dbb3000 	D:\OneDrive - ptit.edu.vn\Download\javafx-sdk-22\bin\api-ms-win-crt-process-l1-1-0.dll
0x000002413dbc0000 - 0x000002413dbc4000 	D:\OneDrive - ptit.edu.vn\Download\javafx-sdk-22\bin\api-ms-win-crt-runtime-l1-1-0.dll
0x000002413dbd0000 - 0x000002413dbd4000 	D:\OneDrive - ptit.edu.vn\Download\javafx-sdk-22\bin\api-ms-win-crt-stdio-l1-1-0.dll
0x000002413dbe0000 - 0x000002413dbe4000 	D:\OneDrive - ptit.edu.vn\Download\javafx-sdk-22\bin\api-ms-win-crt-string-l1-1-0.dll
0x000002413dbf0000 - 0x000002413dbf3000 	D:\OneDrive - ptit.edu.vn\Download\javafx-sdk-22\bin\api-ms-win-crt-time-l1-1-0.dll
0x000002413dc00000 - 0x000002413dc03000 	D:\OneDrive - ptit.edu.vn\Download\javafx-sdk-22\bin\api-ms-win-crt-utility-l1-1-0.dll
0x00007ff92bc20000 - 0x00007ff92bd1c000 	D:\OneDrive - ptit.edu.vn\Download\javafx-sdk-22\bin\ucrtbase.dll
0x00007ff95c640000 - 0x00007ff95c65b000 	D:\OneDrive - ptit.edu.vn\Download\javafx-sdk-22\bin\vcruntime140.dll
0x00007ff95c5a0000 - 0x00007ff95c5ac000 	D:\OneDrive - ptit.edu.vn\Download\javafx-sdk-22\bin\vcruntime140_1.dll
0x00007ff93fb70000 - 0x00007ff93fbfe000 	D:\OneDrive - ptit.edu.vn\Download\javafx-sdk-22\bin\msvcp140.dll
0x00007ff95c590000 - 0x00007ff95c599000 	D:\OneDrive - ptit.edu.vn\Download\javafx-sdk-22\bin\msvcp140_1.dll
0x00007ff943f10000 - 0x00007ff943f51000 	D:\OneDrive - ptit.edu.vn\Download\javafx-sdk-22\bin\msvcp140_2.dll
0x00007ff953960000 - 0x00007ff953990000 	D:\OneDrive - ptit.edu.vn\Download\javafx-sdk-22\bin\prism_d3d.dll
0x00007ff9017c0000 - 0x00007ff90198d000 	C:\Windows\system32\d3d9.dll
0x00007ff9619c0000 - 0x00007ff9619ef000 	C:\Windows\SYSTEM32\dwmapi.dll
0x00007ff9617e0000 - 0x00007ff96187e000 	C:\Windows\system32\uxtheme.dll
0x00007ff901650000 - 0x00007ff9017b5000 	C:\Windows\System32\DriverStore\FileRepository\iigd_dch.inf_amd64_d8b7fef7fc5b1320\igdumdim64.dll
0x00007ff965630000 - 0x00007ff96575b000 	C:\Windows\System32\ole32.dll
0x00007ff8fcd00000 - 0x00007ff901641000 	C:\Windows\System32\DriverStore\FileRepository\iigd_dch.inf_amd64_d8b7fef7fc5b1320\igd9dxva64.dll
0x00007ff966930000 - 0x00007ff966d9e000 	C:\Windows\System32\SETUPAPI.dll
0x00007ff964720000 - 0x00007ff96476e000 	C:\Windows\System32\cfgmgr32.dll
0x00007ff94fc40000 - 0x00007ff94ff08000 	C:\Windows\System32\DriverStore\FileRepository\iigd_dch.inf_amd64_d8b7fef7fc5b1320\igdgmm64.dll
0x00007ff942720000 - 0x00007ff942765000 	D:\OneDrive - ptit.edu.vn\Download\javafx-sdk-22\bin\glass.dll
0x00007ff965ab0000 - 0x00007ff965b8a000 	C:\Windows\System32\COMDLG32.dll
0x00007ff965190000 - 0x00007ff9652a5000 	C:\Windows\System32\MSCTF.dll
0x00007ff94a4c0000 - 0x00007ff94a4e7000 	C:\Windows\System32\DriverStore\FileRepository\iigd_dch.inf_amd64_d8b7fef7fc5b1320\igdinfo64.dll
0x00007ff94c680000 - 0x00007ff94f247000 	C:\Windows\System32\DriverStore\FileRepository\iigd_dch.inf_amd64_d8b7fef7fc5b1320\igc64.dll
0x00007ff951c60000 - 0x00007ff951c9b000 	C:\Windows\SYSTEM32\dxcore.dll
0x00007ff9664a0000 - 0x00007ff966549000 	C:\Windows\System32\clbcatq.dll
0x00007ff9592a0000 - 0x00007ff9593e1000 	C:\Windows\System32\Windows.UI.dll
0x00007ff958cc0000 - 0x00007ff958db9000 	C:\Windows\System32\TextInputFramework.dll
0x00007ff959c60000 - 0x00007ff959d01000 	C:\Windows\System32\WindowManagementAPI.dll
0x00007ff958dc0000 - 0x00007ff958f12000 	C:\Windows\System32\InputHost.dll
0x00007ff960fc0000 - 0x00007ff9610b2000 	C:\Windows\System32\CoreMessaging.dll
0x00007ff960c60000 - 0x00007ff960fbb000 	C:\Windows\System32\CoreUIComponents.dll
0x00007ff960440000 - 0x00007ff960597000 	C:\Windows\SYSTEM32\wintypes.dll
0x00007ff95a5e0000 - 0x00007ff95a7e3000 	C:\Windows\SYSTEM32\twinapi.appcore.dll
0x00007ff961220000 - 0x00007ff961316000 	C:\Windows\System32\PROPSYS.dll
0x00007ff9641b0000 - 0x00007ff9641e3000 	C:\Windows\SYSTEM32\ntmarta.dll
0x00007ff951b20000 - 0x00007ff951c59000 	C:\Windows\System32\Windows.UI.Immersive.dll
0x00007ff955210000 - 0x00007ff955224000 	D:\OneDrive - ptit.edu.vn\Download\javafx-sdk-22\bin\javafx_font.dll
0x00007ff945060000 - 0x00007ff9452df000 	C:\Windows\SYSTEM32\dwrite.dll
0x00007ff9531e0000 - 0x00007ff95320d000 	D:\OneDrive - ptit.edu.vn\Download\javafx-sdk-22\bin\javafx_iio.dll

dbghelp: loaded successfully - version: 4.0.5 - missing functions: none
symbol engine: initialized successfully - sym options: 0x614 - pdb path: .;C:\Program Files\Java\jdk-21\bin;C:\Windows\SYSTEM32;C:\Windows\WinSxS\amd64_microsoft.windows.common-controls_6595b64144ccf1df_6.0.19041.3636_none_60b6a03d71f818d5;C:\Program Files\Java\jdk-21\bin\server;C:\Program Files\JetBrains\IntelliJ IDEA Community Edition 2023.2.3\bin;D:\OneDrive - ptit.edu.vn\Download\javafx-sdk-22\bin;C:\Windows\System32\DriverStore\FileRepository\iigd_dch.inf_amd64_d8b7fef7fc5b1320

VM Arguments:
jvm_args: -javaagent:C:\Program Files\JetBrains\IntelliJ IDEA Community Edition 2023.2.3\lib\idea_rt.jar=59559:C:\Program Files\JetBrains\IntelliJ IDEA Community Edition 2023.2.3\bin -Dfile.encoding=UTF-8 -Dsun.stdout.encoding=UTF-8 -Dsun.stderr.encoding=UTF-8 --module-path=D:\OneDrive - ptit.edu.vn\Download\javafx-sdk-22\lib\javafx.fxml.jar;D:\OneDrive - ptit.edu.vn\Download\javafx-sdk-22\lib\javafx.base.jar;D:\0000.CODE\00. ProPTIT\ProZodiac1\target\classes;D:\OneDrive - ptit.edu.vn\Download\javafx-sdk-22\lib\javafx.graphics.jar;D:\OneDrive - ptit.edu.vn\Download\javafx-sdk-22\lib\javafx.controls.jar -Djdk.module.main=com.test 
java_command: com.test/com.test.view.Main
java_class_path (initial): D:\OneDrive - ptit.edu.vn\Download\javafx-sdk-22\lib\javafx-swt.jar;D:\OneDrive - ptit.edu.vn\Download\javafx-sdk-22\lib\javafx.web.jar;D:\OneDrive - ptit.edu.vn\Download\javafx-sdk-22\lib\javafx.media.jar;D:\OneDrive - ptit.edu.vn\Download\javafx-sdk-22\lib\javafx.swing.jar
Launcher Type: SUN_STANDARD

[Global flags]
     intx CICompilerCount                          = 4                                         {product} {ergonomic}
     uint ConcGCThreads                            = 2                                         {product} {ergonomic}
     uint G1ConcRefinementThreads                  = 8                                         {product} {ergonomic}
   size_t G1HeapRegionSize                         = 2097152                                   {product} {ergonomic}
    uintx GCDrainStackTargetSize                   = 64                                        {product} {ergonomic}
   size_t InitialHeapSize                          = 266338304                                 {product} {ergonomic}
   size_t MarkStackSize                            = 4194304                                   {product} {ergonomic}
   size_t MaxHeapSize                              = 4234149888                                {product} {ergonomic}
   size_t MaxNewSize                               = 2539651072                                {product} {ergonomic}
   size_t MinHeapDeltaBytes                        = 2097152                                   {product} {ergonomic}
   size_t MinHeapSize                              = 8388608                                   {product} {ergonomic}
    uintx NonNMethodCodeHeapSize                   = 5839372                                {pd product} {ergonomic}
    uintx NonProfiledCodeHeapSize                  = 122909434                              {pd product} {ergonomic}
    uintx ProfiledCodeHeapSize                     = 122909434                              {pd product} {ergonomic}
    uintx ReservedCodeCacheSize                    = 251658240                              {pd product} {ergonomic}
     bool SegmentedCodeCache                       = true                                      {product} {ergonomic}
   size_t SoftMaxHeapSize                          = 4234149888                             {manageable} {ergonomic}
     bool UseCompressedOops                        = true                           {product lp64_product} {ergonomic}
     bool UseG1GC                                  = true                                      {product} {ergonomic}
     bool UseLargePagesIndividualAllocation        = false                                  {pd product} {ergonomic}

Logging:
Log output configuration:
 #0: stdout all=warning uptime,level,tags foldmultilines=false
 #1: stderr all=off uptime,level,tags foldmultilines=false

Environment Variables:
PATH=C:\Program Files\Java\jdk-21\bin;C:\Program Files\Common Files\Oracle\Java\javapath;C:\Windows\system32;C:\Windows;C:\Windows\System32\Wbem;C:\Windows\System32\WindowsPowerShell\v1.0\;C:\Windows\System32\OpenSSH\;C:\Program Files\Git\cmd;C:\Program Files\Cloudflare\Cloudflare WARP\;C:\Program Files\dotnet\;C:\Users\Laptop cua Tung\AppData\Local\Programs\Python\Python312\Scripts\;C:\Users\Laptop cua Tung\AppData\Local\Programs\Python\Python312\;C:\Users\Laptop cua Tung\AppData\Local\Programs\Python\Launcher\;C:\Program Files\Java\jdk-21\bin;C:\Users\Laptop cua Tung\AppData\Local\Microsoft\WindowsApps;C:\mingw64\bin;C:\Users\Laptop cua Tung\AppData\Local\Programs\Microsoft VS Code\bin;D:\MMO Tiktok\Python tool\Auto_gui\Pyautogui\chromedriver.exe;
USERNAME=Laptop cua Tung
OS=Windows_NT
PROCESSOR_IDENTIFIER=Intel64 Family 6 Model 126 Stepping 5, GenuineIntel
TMP=C:\Users\LAPTOP~1\AppData\Local\Temp
TEMP=C:\Users\LAPTOP~1\AppData\Local\Temp




Periodic native trim disabled

---------------  S Y S T E M  ---------------

OS:
 Windows 10 , 64 bit Build 19041 (10.0.19041.3636)
OS uptime: 4 days 1:01 hours

CPU: total 8 (initial active 8) (4 cores per cpu, 2 threads per core) family 6 model 126 stepping 5 microcode 0xc2, cx8, cmov, fxsr, ht, mmx, 3dnowpref, sse, sse2, sse3, ssse3, sse4.1, sse4.2, popcnt, lzcnt, tsc, tscinvbit, avx, avx2, aes, erms, clmul, bmi1, bmi2, adx, avx512f, avx512dq, avx512cd, avx512bw, avx512vl, sha, fma, vzeroupper, avx512_vpopcntdq, avx512_vpclmulqdq, avx512_vaes, avx512_vnni, clflush, clflushopt, avx512_vbmi2, avx512_vbmi, rdtscp, rdpid, fsrm, gfni, avx512_bitalg, f16c, pku, avx512_ifma
Processor Information for all 8 processors :
  Max Mhz: 1190, Current Mhz: 991, Mhz Limit: 987

Memory: 4k page, system-wide physical 16151M (4043M free)
TotalPageFile size 22621M (AvailPageFile size 2592M)
current process WorkingSet (physical memory assigned to process): 146M, peak: 152M
current process commit charge ("private bytes"): 419M, peak: 425M

vm_info: Java HotSpot(TM) 64-Bit Server VM (21.0.1+12-LTS-29) for windows-amd64 JRE (21.0.1+12-LTS-29), built on 2023-10-05T13:27:09Z by "mach5one" with MS VC++ 17.1 (VS2022)

END.
